ARM GAS  /tmp/ccZg6vYN.s 			page 1


   1              		.cpu cortex-m0
   2              		.eabi_attribute 20, 1
   3              		.eabi_attribute 21, 1
   4              		.eabi_attribute 23, 3
   5              		.eabi_attribute 24, 1
   6              		.eabi_attribute 25, 1
   7              		.eabi_attribute 26, 1
   8              		.eabi_attribute 30, 1
   9              		.eabi_attribute 34, 0
  10              		.eabi_attribute 18, 4
  11              		.file	"fatfs.c"
  12              		.text
  13              	.Ltext0:
  14              		.cfi_sections	.debug_frame
  15              		.section	.text.MX_FATFS_Init,"ax",%progbits
  16              		.align	1
  17              		.global	MX_FATFS_Init
  18              		.arch armv6s-m
  19              		.syntax unified
  20              		.code	16
  21              		.thumb_func
  22              		.fpu softvfp
  24              	MX_FATFS_Init:
  25              	.LFB40:
  26              		.file 1 "Src/fatfs.c"
   1:Src/fatfs.c   **** /**
   2:Src/fatfs.c   ****   ******************************************************************************
   3:Src/fatfs.c   ****   * @file   fatfs.c
   4:Src/fatfs.c   ****   * @brief  Code for fatfs applications
   5:Src/fatfs.c   ****   ******************************************************************************
   6:Src/fatfs.c   ****   * @attention
   7:Src/fatfs.c   ****   *
   8:Src/fatfs.c   ****   * <h2><center>&copy; Copyright (c) 2020 STMicroelectronics.
   9:Src/fatfs.c   ****   * All rights reserved.</center></h2>
  10:Src/fatfs.c   ****   *
  11:Src/fatfs.c   ****   * This software component is licensed by ST under Ultimate Liberty license
  12:Src/fatfs.c   ****   * SLA0044, the "License"; You may not use this file except in compliance with
  13:Src/fatfs.c   ****   * the License. You may obtain a copy of the License at:
  14:Src/fatfs.c   ****   *                             www.st.com/SLA0044
  15:Src/fatfs.c   ****   *
  16:Src/fatfs.c   ****   ******************************************************************************
  17:Src/fatfs.c   ****   */
  18:Src/fatfs.c   **** 
  19:Src/fatfs.c   **** #include "fatfs.h"
  20:Src/fatfs.c   **** 
  21:Src/fatfs.c   **** uint8_t retUSER;    /* Return value for USER */
  22:Src/fatfs.c   **** char USERPath[4];   /* USER logical drive path */
  23:Src/fatfs.c   **** FATFS USERFatFS;    /* File system object for USER logical drive */
  24:Src/fatfs.c   **** FIL USERFile;       /* File object for USER */
  25:Src/fatfs.c   **** 
  26:Src/fatfs.c   **** /* USER CODE BEGIN Variables */
  27:Src/fatfs.c   **** 
  28:Src/fatfs.c   **** /* USER CODE END Variables */    
  29:Src/fatfs.c   **** 
  30:Src/fatfs.c   **** void MX_FATFS_Init(void) 
  31:Src/fatfs.c   **** {
  27              		.loc 1 31 1 view -0
ARM GAS  /tmp/ccZg6vYN.s 			page 2


  28              		.cfi_startproc
  29              		@ args = 0, pretend = 0, frame = 0
  30              		@ frame_needed = 0, uses_anonymous_args = 0
  31 0000 10B5     		push	{r4, lr}
  32              	.LCFI0:
  33              		.cfi_def_cfa_offset 8
  34              		.cfi_offset 4, -8
  35              		.cfi_offset 14, -4
  32:Src/fatfs.c   ****   /*## FatFS: Link the USER driver ###########################*/
  33:Src/fatfs.c   ****   retUSER = FATFS_LinkDriver(&USER_Driver, USERPath);
  36              		.loc 1 33 3 view .LVU1
  37              		.loc 1 33 13 is_stmt 0 view .LVU2
  38 0002 0349     		ldr	r1, .L2
  39 0004 0348     		ldr	r0, .L2+4
  40 0006 FFF7FEFF 		bl	FATFS_LinkDriver
  41              	.LVL0:
  42              		.loc 1 33 11 view .LVU3
  43 000a 034B     		ldr	r3, .L2+8
  44 000c 1870     		strb	r0, [r3]
  34:Src/fatfs.c   **** 
  35:Src/fatfs.c   ****   /* USER CODE BEGIN Init */
  36:Src/fatfs.c   ****   /* additional user code for init */     
  37:Src/fatfs.c   ****   /* USER CODE END Init */
  38:Src/fatfs.c   **** }
  45              		.loc 1 38 1 view .LVU4
  46              		@ sp needed
  47 000e 10BD     		pop	{r4, pc}
  48              	.L3:
  49              		.align	2
  50              	.L2:
  51 0010 00000000 		.word	USERPath
  52 0014 00000000 		.word	USER_Driver
  53 0018 00000000 		.word	retUSER
  54              		.cfi_endproc
  55              	.LFE40:
  57              		.section	.text.get_fattime,"ax",%progbits
  58              		.align	1
  59              		.global	get_fattime
  60              		.syntax unified
  61              		.code	16
  62              		.thumb_func
  63              		.fpu softvfp
  65              	get_fattime:
  66              	.LFB41:
  39:Src/fatfs.c   **** 
  40:Src/fatfs.c   **** /**
  41:Src/fatfs.c   ****   * @brief  Gets Time from RTC 
  42:Src/fatfs.c   ****   * @param  None
  43:Src/fatfs.c   ****   * @retval Time in DWORD
  44:Src/fatfs.c   ****   */
  45:Src/fatfs.c   **** DWORD get_fattime(void)
  46:Src/fatfs.c   **** {
  67              		.loc 1 46 1 is_stmt 1 view -0
  68              		.cfi_startproc
  69              		@ args = 0, pretend = 0, frame = 0
  70              		@ frame_needed = 0, uses_anonymous_args = 0
  71              		@ link register save eliminated.
ARM GAS  /tmp/ccZg6vYN.s 			page 3


  47:Src/fatfs.c   ****   /* USER CODE BEGIN get_fattime */
  48:Src/fatfs.c   ****   return 0;
  72              		.loc 1 48 3 view .LVU6
  49:Src/fatfs.c   ****   /* USER CODE END get_fattime */  
  50:Src/fatfs.c   **** }
  73              		.loc 1 50 1 is_stmt 0 view .LVU7
  74 0000 0020     		movs	r0, #0
  75              		@ sp needed
  76 0002 7047     		bx	lr
  77              		.cfi_endproc
  78              	.LFE41:
  80              		.comm	USERFile,556,4
  81              		.comm	USERFatFS,560,4
  82              		.comm	USERPath,4,4
  83              		.comm	retUSER,1,1
  84              		.text
  85              	.Letext0:
  86              		.file 2 "Middlewares/Third_Party/FatFs/src/integer.h"
  87              		.file 3 "/home/ehrouda/gcc-arm-none-eabi-9-2019-q4-major/arm-none-eabi/include/machine/_default_ty
  88              		.file 4 "/home/ehrouda/gcc-arm-none-eabi-9-2019-q4-major/arm-none-eabi/include/sys/_stdint.h"
  89              		.file 5 "Drivers/CMSIS/Device/ST/STM32F0xx/Include/system_stm32f0xx.h"
  90              		.file 6 "Drivers/STM32F0xx_HAL_Driver/Inc/stm32f0xx_hal.h"
  91              		.file 7 "Middlewares/Third_Party/FatFs/src/ff.h"
  92              		.file 8 "Middlewares/Third_Party/FatFs/src/diskio.h"
  93              		.file 9 "Middlewares/Third_Party/FatFs/src/ff_gen_drv.h"
  94              		.file 10 "Inc/user_diskio.h"
  95              		.file 11 "Inc/fatfs.h"
ARM GAS  /tmp/ccZg6vYN.s 			page 4


DEFINED SYMBOLS
                            *ABS*:0000000000000000 fatfs.c
     /tmp/ccZg6vYN.s:16     .text.MX_FATFS_Init:0000000000000000 $t
     /tmp/ccZg6vYN.s:24     .text.MX_FATFS_Init:0000000000000000 MX_FATFS_Init
     /tmp/ccZg6vYN.s:51     .text.MX_FATFS_Init:0000000000000010 $d
                            *COM*:0000000000000004 USERPath
                            *COM*:0000000000000001 retUSER
     /tmp/ccZg6vYN.s:58     .text.get_fattime:0000000000000000 $t
     /tmp/ccZg6vYN.s:65     .text.get_fattime:0000000000000000 get_fattime
                            *COM*:000000000000022c USERFile
                            *COM*:0000000000000230 USERFatFS

UNDEFINED SYMBOLS
FATFS_LinkDriver
USER_Driver
