ARM GAS  /tmp/cclbn1LB.s 			page 1


   1              		.cpu cortex-m0
   2              		.eabi_attribute 20, 1
   3              		.eabi_attribute 21, 1
   4              		.eabi_attribute 23, 3
   5              		.eabi_attribute 24, 1
   6              		.eabi_attribute 25, 1
   7              		.eabi_attribute 26, 1
   8              		.eabi_attribute 30, 1
   9              		.eabi_attribute 34, 0
  10              		.eabi_attribute 18, 4
  11              		.file	"ff_gen_drv.c"
  12              		.text
  13              	.Ltext0:
  14              		.cfi_sections	.debug_frame
  15              		.section	.text.FATFS_LinkDriverEx,"ax",%progbits
  16              		.align	1
  17              		.global	FATFS_LinkDriverEx
  18              		.arch armv6s-m
  19              		.syntax unified
  20              		.code	16
  21              		.thumb_func
  22              		.fpu softvfp
  24              	FATFS_LinkDriverEx:
  25              	.LVL0:
  26              	.LFB40:
  27              		.file 1 "Middlewares/Third_Party/FatFs/src/ff_gen_drv.c"
   1:Middlewares/Third_Party/FatFs/src/ff_gen_drv.c **** /**
   2:Middlewares/Third_Party/FatFs/src/ff_gen_drv.c ****   ******************************************************************************
   3:Middlewares/Third_Party/FatFs/src/ff_gen_drv.c ****   * @file    ff_gen_drv.c 
   4:Middlewares/Third_Party/FatFs/src/ff_gen_drv.c ****   * @author  MCD Application Team
   5:Middlewares/Third_Party/FatFs/src/ff_gen_drv.c ****   * @version V1.3.0
   6:Middlewares/Third_Party/FatFs/src/ff_gen_drv.c ****   * @date    08-May-2015
   7:Middlewares/Third_Party/FatFs/src/ff_gen_drv.c ****   * @brief   FatFs generic low level driver.
   8:Middlewares/Third_Party/FatFs/src/ff_gen_drv.c ****   ******************************************************************************
   9:Middlewares/Third_Party/FatFs/src/ff_gen_drv.c ****   * @attention
  10:Middlewares/Third_Party/FatFs/src/ff_gen_drv.c ****   *
  11:Middlewares/Third_Party/FatFs/src/ff_gen_drv.c ****   * <h2><center>&copy; COPYRIGHT 2015 STMicroelectronics</center></h2>
  12:Middlewares/Third_Party/FatFs/src/ff_gen_drv.c ****   *
  13:Middlewares/Third_Party/FatFs/src/ff_gen_drv.c ****   * Licensed under MCD-ST Liberty SW License Agreement V2, (the "License");
  14:Middlewares/Third_Party/FatFs/src/ff_gen_drv.c ****   * You may not use this file except in compliance with the License.
  15:Middlewares/Third_Party/FatFs/src/ff_gen_drv.c ****   * You may obtain a copy of the License at:
  16:Middlewares/Third_Party/FatFs/src/ff_gen_drv.c ****   *
  17:Middlewares/Third_Party/FatFs/src/ff_gen_drv.c ****   *        http://www.st.com/software_license_agreement_liberty_v2
  18:Middlewares/Third_Party/FatFs/src/ff_gen_drv.c ****   *
  19:Middlewares/Third_Party/FatFs/src/ff_gen_drv.c ****   * Unless required by applicable law or agreed to in writing, software 
  20:Middlewares/Third_Party/FatFs/src/ff_gen_drv.c ****   * distributed under the License is distributed on an "AS IS" BASIS, 
  21:Middlewares/Third_Party/FatFs/src/ff_gen_drv.c ****   * WITHOUT WARRANTIES OR CONDITIONS OF ANY KIND, either express or implied.
  22:Middlewares/Third_Party/FatFs/src/ff_gen_drv.c ****   * See the License for the specific language governing permissions and
  23:Middlewares/Third_Party/FatFs/src/ff_gen_drv.c ****   * limitations under the License.
  24:Middlewares/Third_Party/FatFs/src/ff_gen_drv.c ****   *
  25:Middlewares/Third_Party/FatFs/src/ff_gen_drv.c ****   ******************************************************************************
  26:Middlewares/Third_Party/FatFs/src/ff_gen_drv.c ****   */ 
  27:Middlewares/Third_Party/FatFs/src/ff_gen_drv.c **** 
  28:Middlewares/Third_Party/FatFs/src/ff_gen_drv.c **** /* Includes ------------------------------------------------------------------*/
  29:Middlewares/Third_Party/FatFs/src/ff_gen_drv.c **** #include "ff_gen_drv.h"
  30:Middlewares/Third_Party/FatFs/src/ff_gen_drv.c **** 
  31:Middlewares/Third_Party/FatFs/src/ff_gen_drv.c **** /* Private typedef -----------------------------------------------------------*/
ARM GAS  /tmp/cclbn1LB.s 			page 2


  32:Middlewares/Third_Party/FatFs/src/ff_gen_drv.c **** /* Private define ------------------------------------------------------------*/
  33:Middlewares/Third_Party/FatFs/src/ff_gen_drv.c **** /* Private variables ---------------------------------------------------------*/
  34:Middlewares/Third_Party/FatFs/src/ff_gen_drv.c **** Disk_drvTypeDef disk = {{0},{0},{0},0};
  35:Middlewares/Third_Party/FatFs/src/ff_gen_drv.c **** 
  36:Middlewares/Third_Party/FatFs/src/ff_gen_drv.c **** /* Private function prototypes -----------------------------------------------*/
  37:Middlewares/Third_Party/FatFs/src/ff_gen_drv.c **** /* Private functions ---------------------------------------------------------*/
  38:Middlewares/Third_Party/FatFs/src/ff_gen_drv.c **** 
  39:Middlewares/Third_Party/FatFs/src/ff_gen_drv.c **** /**
  40:Middlewares/Third_Party/FatFs/src/ff_gen_drv.c ****   * @brief  Links a compatible diskio driver/lun id and increments the number of active
  41:Middlewares/Third_Party/FatFs/src/ff_gen_drv.c ****   *         linked drivers.
  42:Middlewares/Third_Party/FatFs/src/ff_gen_drv.c ****   * @note   The number of linked drivers (volumes) is up to 10 due to FatFs limits.
  43:Middlewares/Third_Party/FatFs/src/ff_gen_drv.c ****   * @param  drv: pointer to the disk IO Driver structure
  44:Middlewares/Third_Party/FatFs/src/ff_gen_drv.c ****   * @param  path: pointer to the logical drive path 
  45:Middlewares/Third_Party/FatFs/src/ff_gen_drv.c ****   * @param  lun : only used for USB Key Disk to add multi-lun management
  46:Middlewares/Third_Party/FatFs/src/ff_gen_drv.c ****             else the paramter must be equal to 0
  47:Middlewares/Third_Party/FatFs/src/ff_gen_drv.c ****   * @retval Returns 0 in case of success, otherwise 1.
  48:Middlewares/Third_Party/FatFs/src/ff_gen_drv.c ****   */
  49:Middlewares/Third_Party/FatFs/src/ff_gen_drv.c **** uint8_t FATFS_LinkDriverEx(Diskio_drvTypeDef *drv, char *path, uint8_t lun)
  50:Middlewares/Third_Party/FatFs/src/ff_gen_drv.c **** {
  28              		.loc 1 50 1 view -0
  29              		.cfi_startproc
  30              		@ args = 0, pretend = 0, frame = 0
  31              		@ frame_needed = 0, uses_anonymous_args = 0
  32              		.loc 1 50 1 is_stmt 0 view .LVU1
  33 0000 30B5     		push	{r4, r5, lr}
  34              	.LCFI0:
  35              		.cfi_def_cfa_offset 12
  36              		.cfi_offset 4, -12
  37              		.cfi_offset 5, -8
  38              		.cfi_offset 14, -4
  51:Middlewares/Third_Party/FatFs/src/ff_gen_drv.c ****   uint8_t ret = 1;
  39              		.loc 1 51 3 is_stmt 1 view .LVU2
  40              	.LVL1:
  52:Middlewares/Third_Party/FatFs/src/ff_gen_drv.c ****   uint8_t DiskNum = 0;
  41              		.loc 1 52 3 view .LVU3
  53:Middlewares/Third_Party/FatFs/src/ff_gen_drv.c ****   
  54:Middlewares/Third_Party/FatFs/src/ff_gen_drv.c ****   if(disk.nbr <= _VOLUMES)
  42              		.loc 1 54 3 view .LVU4
  43              		.loc 1 54 10 is_stmt 0 view .LVU5
  44 0002 104B     		ldr	r3, .L5
  45 0004 5B7A     		ldrb	r3, [r3, #9]
  46 0006 DBB2     		uxtb	r3, r3
  47              		.loc 1 54 5 view .LVU6
  48 0008 012B     		cmp	r3, #1
  49 000a 01D9     		bls	.L4
  51:Middlewares/Third_Party/FatFs/src/ff_gen_drv.c ****   uint8_t DiskNum = 0;
  50              		.loc 1 51 11 view .LVU7
  51 000c 0120     		movs	r0, #1
  52              	.LVL2:
  53              	.L2:
  55:Middlewares/Third_Party/FatFs/src/ff_gen_drv.c ****   {
  56:Middlewares/Third_Party/FatFs/src/ff_gen_drv.c ****     disk.is_initialized[disk.nbr] = 0;
  57:Middlewares/Third_Party/FatFs/src/ff_gen_drv.c ****     disk.drv[disk.nbr] = drv;  
  58:Middlewares/Third_Party/FatFs/src/ff_gen_drv.c ****     disk.lun[disk.nbr] = lun;  
  59:Middlewares/Third_Party/FatFs/src/ff_gen_drv.c ****     DiskNum = disk.nbr++;
  60:Middlewares/Third_Party/FatFs/src/ff_gen_drv.c ****     path[0] = DiskNum + '0';
  61:Middlewares/Third_Party/FatFs/src/ff_gen_drv.c ****     path[1] = ':';
ARM GAS  /tmp/cclbn1LB.s 			page 3


  62:Middlewares/Third_Party/FatFs/src/ff_gen_drv.c ****     path[2] = '/';
  63:Middlewares/Third_Party/FatFs/src/ff_gen_drv.c ****     path[3] = 0;
  64:Middlewares/Third_Party/FatFs/src/ff_gen_drv.c ****     ret = 0;
  65:Middlewares/Third_Party/FatFs/src/ff_gen_drv.c ****   }
  66:Middlewares/Third_Party/FatFs/src/ff_gen_drv.c ****   
  67:Middlewares/Third_Party/FatFs/src/ff_gen_drv.c ****   return ret;
  54              		.loc 1 67 3 is_stmt 1 view .LVU8
  68:Middlewares/Third_Party/FatFs/src/ff_gen_drv.c **** }
  55              		.loc 1 68 1 is_stmt 0 view .LVU9
  56              		@ sp needed
  57 000e 30BD     		pop	{r4, r5, pc}
  58              	.LVL3:
  59              	.L4:
  56:Middlewares/Third_Party/FatFs/src/ff_gen_drv.c ****     disk.drv[disk.nbr] = drv;  
  60              		.loc 1 56 5 is_stmt 1 view .LVU10
  56:Middlewares/Third_Party/FatFs/src/ff_gen_drv.c ****     disk.drv[disk.nbr] = drv;  
  61              		.loc 1 56 29 is_stmt 0 view .LVU11
  62 0010 0C4B     		ldr	r3, .L5
  63 0012 5C7A     		ldrb	r4, [r3, #9]
  64 0014 E4B2     		uxtb	r4, r4
  56:Middlewares/Third_Party/FatFs/src/ff_gen_drv.c ****     disk.drv[disk.nbr] = drv;  
  65              		.loc 1 56 35 view .LVU12
  66 0016 0025     		movs	r5, #0
  67 0018 1D55     		strb	r5, [r3, r4]
  57:Middlewares/Third_Party/FatFs/src/ff_gen_drv.c ****     disk.lun[disk.nbr] = lun;  
  68              		.loc 1 57 5 is_stmt 1 view .LVU13
  57:Middlewares/Third_Party/FatFs/src/ff_gen_drv.c ****     disk.lun[disk.nbr] = lun;  
  69              		.loc 1 57 18 is_stmt 0 view .LVU14
  70 001a 5C7A     		ldrb	r4, [r3, #9]
  57:Middlewares/Third_Party/FatFs/src/ff_gen_drv.c ****     disk.lun[disk.nbr] = lun;  
  71              		.loc 1 57 24 view .LVU15
  72 001c A400     		lsls	r4, r4, #2
  73 001e 1C19     		adds	r4, r3, r4
  74 0020 6060     		str	r0, [r4, #4]
  58:Middlewares/Third_Party/FatFs/src/ff_gen_drv.c ****     DiskNum = disk.nbr++;
  75              		.loc 1 58 5 is_stmt 1 view .LVU16
  58:Middlewares/Third_Party/FatFs/src/ff_gen_drv.c ****     DiskNum = disk.nbr++;
  76              		.loc 1 58 18 is_stmt 0 view .LVU17
  77 0022 587A     		ldrb	r0, [r3, #9]
  78              	.LVL4:
  58:Middlewares/Third_Party/FatFs/src/ff_gen_drv.c ****     DiskNum = disk.nbr++;
  79              		.loc 1 58 24 view .LVU18
  80 0024 1818     		adds	r0, r3, r0
  81 0026 0272     		strb	r2, [r0, #8]
  59:Middlewares/Third_Party/FatFs/src/ff_gen_drv.c ****     path[0] = DiskNum + '0';
  82              		.loc 1 59 5 is_stmt 1 view .LVU19
  59:Middlewares/Third_Party/FatFs/src/ff_gen_drv.c ****     path[0] = DiskNum + '0';
  83              		.loc 1 59 19 is_stmt 0 view .LVU20
  84 0028 5A7A     		ldrb	r2, [r3, #9]
  85              	.LVL5:
  59:Middlewares/Third_Party/FatFs/src/ff_gen_drv.c ****     path[0] = DiskNum + '0';
  86              		.loc 1 59 23 view .LVU21
  87 002a 501C     		adds	r0, r2, #1
  88              	.LVL6:
  59:Middlewares/Third_Party/FatFs/src/ff_gen_drv.c ****     path[0] = DiskNum + '0';
  89              		.loc 1 59 23 view .LVU22
  90 002c C0B2     		uxtb	r0, r0
ARM GAS  /tmp/cclbn1LB.s 			page 4


  91 002e 5872     		strb	r0, [r3, #9]
  92              	.LVL7:
  60:Middlewares/Third_Party/FatFs/src/ff_gen_drv.c ****     path[1] = ':';
  93              		.loc 1 60 5 is_stmt 1 view .LVU23
  60:Middlewares/Third_Party/FatFs/src/ff_gen_drv.c ****     path[1] = ':';
  94              		.loc 1 60 23 is_stmt 0 view .LVU24
  95 0030 3032     		adds	r2, r2, #48
  96              	.LVL8:
  60:Middlewares/Third_Party/FatFs/src/ff_gen_drv.c ****     path[1] = ':';
  97              		.loc 1 60 13 view .LVU25
  98 0032 0A70     		strb	r2, [r1]
  99              	.LVL9:
  61:Middlewares/Third_Party/FatFs/src/ff_gen_drv.c ****     path[2] = '/';
 100              		.loc 1 61 5 is_stmt 1 view .LVU26
  61:Middlewares/Third_Party/FatFs/src/ff_gen_drv.c ****     path[2] = '/';
 101              		.loc 1 61 13 is_stmt 0 view .LVU27
 102 0034 3A23     		movs	r3, #58
 103 0036 4B70     		strb	r3, [r1, #1]
  62:Middlewares/Third_Party/FatFs/src/ff_gen_drv.c ****     path[3] = 0;
 104              		.loc 1 62 5 is_stmt 1 view .LVU28
  62:Middlewares/Third_Party/FatFs/src/ff_gen_drv.c ****     path[3] = 0;
 105              		.loc 1 62 13 is_stmt 0 view .LVU29
 106 0038 0B3B     		subs	r3, r3, #11
 107 003a 8B70     		strb	r3, [r1, #2]
  63:Middlewares/Third_Party/FatFs/src/ff_gen_drv.c ****     ret = 0;
 108              		.loc 1 63 5 is_stmt 1 view .LVU30
  63:Middlewares/Third_Party/FatFs/src/ff_gen_drv.c ****     ret = 0;
 109              		.loc 1 63 13 is_stmt 0 view .LVU31
 110 003c CD70     		strb	r5, [r1, #3]
  64:Middlewares/Third_Party/FatFs/src/ff_gen_drv.c ****   }
 111              		.loc 1 64 5 is_stmt 1 view .LVU32
 112              	.LVL10:
  64:Middlewares/Third_Party/FatFs/src/ff_gen_drv.c ****   }
 113              		.loc 1 64 9 is_stmt 0 view .LVU33
 114 003e 0020     		movs	r0, #0
 115 0040 E5E7     		b	.L2
 116              	.L6:
 117 0042 C046     		.align	2
 118              	.L5:
 119 0044 00000000 		.word	.LANCHOR0
 120              		.cfi_endproc
 121              	.LFE40:
 123              		.section	.text.FATFS_LinkDriver,"ax",%progbits
 124              		.align	1
 125              		.global	FATFS_LinkDriver
 126              		.syntax unified
 127              		.code	16
 128              		.thumb_func
 129              		.fpu softvfp
 131              	FATFS_LinkDriver:
 132              	.LVL11:
 133              	.LFB41:
  69:Middlewares/Third_Party/FatFs/src/ff_gen_drv.c **** 
  70:Middlewares/Third_Party/FatFs/src/ff_gen_drv.c **** /**
  71:Middlewares/Third_Party/FatFs/src/ff_gen_drv.c ****   * @brief  Links a compatible diskio driver and increments the number of active
  72:Middlewares/Third_Party/FatFs/src/ff_gen_drv.c ****   *         linked drivers.          
  73:Middlewares/Third_Party/FatFs/src/ff_gen_drv.c ****   * @note   The number of linked drivers (volumes) is up to 10 due to FatFs limits
ARM GAS  /tmp/cclbn1LB.s 			page 5


  74:Middlewares/Third_Party/FatFs/src/ff_gen_drv.c ****   * @param  drv: pointer to the disk IO Driver structure
  75:Middlewares/Third_Party/FatFs/src/ff_gen_drv.c ****   * @param  path: pointer to the logical drive path 
  76:Middlewares/Third_Party/FatFs/src/ff_gen_drv.c ****   * @retval Returns 0 in case of success, otherwise 1.
  77:Middlewares/Third_Party/FatFs/src/ff_gen_drv.c ****   */
  78:Middlewares/Third_Party/FatFs/src/ff_gen_drv.c **** uint8_t FATFS_LinkDriver(Diskio_drvTypeDef *drv, char *path)
  79:Middlewares/Third_Party/FatFs/src/ff_gen_drv.c **** {
 134              		.loc 1 79 1 is_stmt 1 view -0
 135              		.cfi_startproc
 136              		@ args = 0, pretend = 0, frame = 0
 137              		@ frame_needed = 0, uses_anonymous_args = 0
 138              		.loc 1 79 1 is_stmt 0 view .LVU35
 139 0000 10B5     		push	{r4, lr}
 140              	.LCFI1:
 141              		.cfi_def_cfa_offset 8
 142              		.cfi_offset 4, -8
 143              		.cfi_offset 14, -4
  80:Middlewares/Third_Party/FatFs/src/ff_gen_drv.c ****   return FATFS_LinkDriverEx(drv, path, 0);
 144              		.loc 1 80 3 is_stmt 1 view .LVU36
 145              		.loc 1 80 10 is_stmt 0 view .LVU37
 146 0002 0022     		movs	r2, #0
 147 0004 FFF7FEFF 		bl	FATFS_LinkDriverEx
 148              	.LVL12:
  81:Middlewares/Third_Party/FatFs/src/ff_gen_drv.c **** }
 149              		.loc 1 81 1 view .LVU38
 150              		@ sp needed
 151 0008 10BD     		pop	{r4, pc}
 152              		.cfi_endproc
 153              	.LFE41:
 155              		.section	.text.FATFS_UnLinkDriverEx,"ax",%progbits
 156              		.align	1
 157              		.global	FATFS_UnLinkDriverEx
 158              		.syntax unified
 159              		.code	16
 160              		.thumb_func
 161              		.fpu softvfp
 163              	FATFS_UnLinkDriverEx:
 164              	.LVL13:
 165              	.LFB42:
  82:Middlewares/Third_Party/FatFs/src/ff_gen_drv.c **** 
  83:Middlewares/Third_Party/FatFs/src/ff_gen_drv.c **** /**
  84:Middlewares/Third_Party/FatFs/src/ff_gen_drv.c ****   * @brief  Unlinks a diskio driver and decrements the number of active linked
  85:Middlewares/Third_Party/FatFs/src/ff_gen_drv.c ****   *         drivers.
  86:Middlewares/Third_Party/FatFs/src/ff_gen_drv.c ****   * @param  path: pointer to the logical drive path  
  87:Middlewares/Third_Party/FatFs/src/ff_gen_drv.c ****   * @param  lun : not used   
  88:Middlewares/Third_Party/FatFs/src/ff_gen_drv.c ****   * @retval Returns 0 in case of success, otherwise 1.
  89:Middlewares/Third_Party/FatFs/src/ff_gen_drv.c ****   */
  90:Middlewares/Third_Party/FatFs/src/ff_gen_drv.c **** uint8_t FATFS_UnLinkDriverEx(char *path, uint8_t lun)
  91:Middlewares/Third_Party/FatFs/src/ff_gen_drv.c **** { 
 166              		.loc 1 91 1 is_stmt 1 view -0
 167              		.cfi_startproc
 168              		@ args = 0, pretend = 0, frame = 0
 169              		@ frame_needed = 0, uses_anonymous_args = 0
 170              		@ link register save eliminated.
  92:Middlewares/Third_Party/FatFs/src/ff_gen_drv.c ****   uint8_t DiskNum = 0;
 171              		.loc 1 92 3 view .LVU40
  93:Middlewares/Third_Party/FatFs/src/ff_gen_drv.c ****   uint8_t ret = 1;
 172              		.loc 1 93 3 view .LVU41
ARM GAS  /tmp/cclbn1LB.s 			page 6


  94:Middlewares/Third_Party/FatFs/src/ff_gen_drv.c ****   
  95:Middlewares/Third_Party/FatFs/src/ff_gen_drv.c ****   if(disk.nbr >= 1)
 173              		.loc 1 95 3 view .LVU42
 174              		.loc 1 95 10 is_stmt 0 view .LVU43
 175 0000 0D4B     		ldr	r3, .L12
 176 0002 5B7A     		ldrb	r3, [r3, #9]
 177              		.loc 1 95 5 view .LVU44
 178 0004 002B     		cmp	r3, #0
 179 0006 13D0     		beq	.L10
  96:Middlewares/Third_Party/FatFs/src/ff_gen_drv.c ****   {    
  97:Middlewares/Third_Party/FatFs/src/ff_gen_drv.c ****     DiskNum = path[0] - '0';
 180              		.loc 1 97 5 is_stmt 1 view .LVU45
 181              		.loc 1 97 19 is_stmt 0 view .LVU46
 182 0008 0378     		ldrb	r3, [r0]
 183              		.loc 1 97 13 view .LVU47
 184 000a 303B     		subs	r3, r3, #48
 185 000c DBB2     		uxtb	r3, r3
 186              	.LVL14:
  98:Middlewares/Third_Party/FatFs/src/ff_gen_drv.c ****     if(disk.drv[DiskNum] != 0)
 187              		.loc 1 98 5 is_stmt 1 view .LVU48
 188              		.loc 1 98 16 is_stmt 0 view .LVU49
 189 000e 9900     		lsls	r1, r3, #2
 190              	.LVL15:
 191              		.loc 1 98 16 view .LVU50
 192 0010 094A     		ldr	r2, .L12
 193 0012 5218     		adds	r2, r2, r1
 194 0014 5268     		ldr	r2, [r2, #4]
 195              		.loc 1 98 7 view .LVU51
 196 0016 002A     		cmp	r2, #0
 197 0018 0CD0     		beq	.L11
  99:Middlewares/Third_Party/FatFs/src/ff_gen_drv.c ****     {
 100:Middlewares/Third_Party/FatFs/src/ff_gen_drv.c ****       disk.drv[DiskNum] = 0;
 198              		.loc 1 100 7 is_stmt 1 view .LVU52
 199              		.loc 1 100 25 is_stmt 0 view .LVU53
 200 001a 074A     		ldr	r2, .L12
 201 001c 5118     		adds	r1, r2, r1
 202 001e 0020     		movs	r0, #0
 203              	.LVL16:
 204              		.loc 1 100 25 view .LVU54
 205 0020 4860     		str	r0, [r1, #4]
 101:Middlewares/Third_Party/FatFs/src/ff_gen_drv.c ****       disk.lun[DiskNum] = 0;
 206              		.loc 1 101 7 is_stmt 1 view .LVU55
 207              		.loc 1 101 25 is_stmt 0 view .LVU56
 208 0022 D318     		adds	r3, r2, r3
 209 0024 1872     		strb	r0, [r3, #8]
 102:Middlewares/Third_Party/FatFs/src/ff_gen_drv.c ****       disk.nbr--;
 210              		.loc 1 102 7 is_stmt 1 view .LVU57
 211              		.loc 1 102 11 is_stmt 0 view .LVU58
 212 0026 537A     		ldrb	r3, [r2, #9]
 213              		.loc 1 102 15 view .LVU59
 214 0028 013B     		subs	r3, r3, #1
 215 002a DBB2     		uxtb	r3, r3
 216 002c 5372     		strb	r3, [r2, #9]
 103:Middlewares/Third_Party/FatFs/src/ff_gen_drv.c ****       ret = 0;
 217              		.loc 1 103 7 is_stmt 1 view .LVU60
 218              	.LVL17:
 219              		.loc 1 103 7 is_stmt 0 view .LVU61
ARM GAS  /tmp/cclbn1LB.s 			page 7


 220 002e 00E0     		b	.L9
 221              	.LVL18:
 222              	.L10:
  93:Middlewares/Third_Party/FatFs/src/ff_gen_drv.c ****   
 223              		.loc 1 93 11 view .LVU62
 224 0030 0120     		movs	r0, #1
 225              	.LVL19:
 226              	.L9:
 104:Middlewares/Third_Party/FatFs/src/ff_gen_drv.c ****     }
 105:Middlewares/Third_Party/FatFs/src/ff_gen_drv.c ****   }
 106:Middlewares/Third_Party/FatFs/src/ff_gen_drv.c ****   
 107:Middlewares/Third_Party/FatFs/src/ff_gen_drv.c ****   return ret;
 227              		.loc 1 107 3 is_stmt 1 view .LVU63
 108:Middlewares/Third_Party/FatFs/src/ff_gen_drv.c **** }
 228              		.loc 1 108 1 is_stmt 0 view .LVU64
 229              		@ sp needed
 230 0032 7047     		bx	lr
 231              	.LVL20:
 232              	.L11:
  93:Middlewares/Third_Party/FatFs/src/ff_gen_drv.c ****   
 233              		.loc 1 93 11 view .LVU65
 234 0034 0120     		movs	r0, #1
 235              	.LVL21:
  93:Middlewares/Third_Party/FatFs/src/ff_gen_drv.c ****   
 236              		.loc 1 93 11 view .LVU66
 237 0036 FCE7     		b	.L9
 238              	.L13:
 239              		.align	2
 240              	.L12:
 241 0038 00000000 		.word	.LANCHOR0
 242              		.cfi_endproc
 243              	.LFE42:
 245              		.section	.text.FATFS_UnLinkDriver,"ax",%progbits
 246              		.align	1
 247              		.global	FATFS_UnLinkDriver
 248              		.syntax unified
 249              		.code	16
 250              		.thumb_func
 251              		.fpu softvfp
 253              	FATFS_UnLinkDriver:
 254              	.LVL22:
 255              	.LFB43:
 109:Middlewares/Third_Party/FatFs/src/ff_gen_drv.c **** 
 110:Middlewares/Third_Party/FatFs/src/ff_gen_drv.c **** /**
 111:Middlewares/Third_Party/FatFs/src/ff_gen_drv.c ****   * @brief  Unlinks a diskio driver and decrements the number of active linked
 112:Middlewares/Third_Party/FatFs/src/ff_gen_drv.c ****   *         drivers.
 113:Middlewares/Third_Party/FatFs/src/ff_gen_drv.c ****   * @param  path: pointer to the logical drive path  
 114:Middlewares/Third_Party/FatFs/src/ff_gen_drv.c ****   * @retval Returns 0 in case of success, otherwise 1.
 115:Middlewares/Third_Party/FatFs/src/ff_gen_drv.c ****   */
 116:Middlewares/Third_Party/FatFs/src/ff_gen_drv.c **** uint8_t FATFS_UnLinkDriver(char *path)
 117:Middlewares/Third_Party/FatFs/src/ff_gen_drv.c **** { 
 256              		.loc 1 117 1 is_stmt 1 view -0
 257              		.cfi_startproc
 258              		@ args = 0, pretend = 0, frame = 0
 259              		@ frame_needed = 0, uses_anonymous_args = 0
 260              		.loc 1 117 1 is_stmt 0 view .LVU68
 261 0000 10B5     		push	{r4, lr}
ARM GAS  /tmp/cclbn1LB.s 			page 8


 262              	.LCFI2:
 263              		.cfi_def_cfa_offset 8
 264              		.cfi_offset 4, -8
 265              		.cfi_offset 14, -4
 118:Middlewares/Third_Party/FatFs/src/ff_gen_drv.c ****   return FATFS_UnLinkDriverEx(path, 0);
 266              		.loc 1 118 3 is_stmt 1 view .LVU69
 267              		.loc 1 118 10 is_stmt 0 view .LVU70
 268 0002 0021     		movs	r1, #0
 269 0004 FFF7FEFF 		bl	FATFS_UnLinkDriverEx
 270              	.LVL23:
 119:Middlewares/Third_Party/FatFs/src/ff_gen_drv.c **** }
 271              		.loc 1 119 1 view .LVU71
 272              		@ sp needed
 273 0008 10BD     		pop	{r4, pc}
 274              		.cfi_endproc
 275              	.LFE43:
 277              		.section	.text.FATFS_GetAttachedDriversNbr,"ax",%progbits
 278              		.align	1
 279              		.global	FATFS_GetAttachedDriversNbr
 280              		.syntax unified
 281              		.code	16
 282              		.thumb_func
 283              		.fpu softvfp
 285              	FATFS_GetAttachedDriversNbr:
 286              	.LFB44:
 120:Middlewares/Third_Party/FatFs/src/ff_gen_drv.c **** 
 121:Middlewares/Third_Party/FatFs/src/ff_gen_drv.c **** /**
 122:Middlewares/Third_Party/FatFs/src/ff_gen_drv.c ****   * @brief  Gets number of linked drivers to the FatFs module.
 123:Middlewares/Third_Party/FatFs/src/ff_gen_drv.c ****   * @param  None
 124:Middlewares/Third_Party/FatFs/src/ff_gen_drv.c ****   * @retval Number of attached drivers.
 125:Middlewares/Third_Party/FatFs/src/ff_gen_drv.c ****   */
 126:Middlewares/Third_Party/FatFs/src/ff_gen_drv.c **** uint8_t FATFS_GetAttachedDriversNbr(void)
 127:Middlewares/Third_Party/FatFs/src/ff_gen_drv.c **** {
 287              		.loc 1 127 1 is_stmt 1 view -0
 288              		.cfi_startproc
 289              		@ args = 0, pretend = 0, frame = 0
 290              		@ frame_needed = 0, uses_anonymous_args = 0
 291              		@ link register save eliminated.
 128:Middlewares/Third_Party/FatFs/src/ff_gen_drv.c ****   return disk.nbr;
 292              		.loc 1 128 3 view .LVU73
 293              		.loc 1 128 14 is_stmt 0 view .LVU74
 294 0000 014B     		ldr	r3, .L16
 295 0002 587A     		ldrb	r0, [r3, #9]
 296 0004 C0B2     		uxtb	r0, r0
 129:Middlewares/Third_Party/FatFs/src/ff_gen_drv.c **** }
 297              		.loc 1 129 1 view .LVU75
 298              		@ sp needed
 299 0006 7047     		bx	lr
 300              	.L17:
 301              		.align	2
 302              	.L16:
 303 0008 00000000 		.word	.LANCHOR0
 304              		.cfi_endproc
 305              	.LFE44:
 307              		.global	disk
 308              		.section	.bss.disk,"aw",%nobits
 309              		.align	2
ARM GAS  /tmp/cclbn1LB.s 			page 9


 310              		.set	.LANCHOR0,. + 0
 313              	disk:
 314 0000 00000000 		.space	12
 314      00000000 
 314      00000000 
 315              		.text
 316              	.Letext0:
 317              		.file 2 "Middlewares/Third_Party/FatFs/src/integer.h"
 318              		.file 3 "Middlewares/Third_Party/FatFs/src/diskio.h"
 319              		.file 4 "/home/ehrouda/gcc-arm-none-eabi-9-2019-q4-major/arm-none-eabi/include/machine/_default_ty
 320              		.file 5 "/home/ehrouda/gcc-arm-none-eabi-9-2019-q4-major/arm-none-eabi/include/sys/_stdint.h"
 321              		.file 6 "Drivers/CMSIS/Device/ST/STM32F0xx/Include/system_stm32f0xx.h"
 322              		.file 7 "Drivers/STM32F0xx_HAL_Driver/Inc/stm32f0xx_hal.h"
 323              		.file 8 "Middlewares/Third_Party/FatFs/src/ff_gen_drv.h"
ARM GAS  /tmp/cclbn1LB.s 			page 10


DEFINED SYMBOLS
                            *ABS*:0000000000000000 ff_gen_drv.c
     /tmp/cclbn1LB.s:16     .text.FATFS_LinkDriverEx:0000000000000000 $t
     /tmp/cclbn1LB.s:24     .text.FATFS_LinkDriverEx:0000000000000000 FATFS_LinkDriverEx
     /tmp/cclbn1LB.s:119    .text.FATFS_LinkDriverEx:0000000000000044 $d
     /tmp/cclbn1LB.s:124    .text.FATFS_LinkDriver:0000000000000000 $t
     /tmp/cclbn1LB.s:131    .text.FATFS_LinkDriver:0000000000000000 FATFS_LinkDriver
     /tmp/cclbn1LB.s:156    .text.FATFS_UnLinkDriverEx:0000000000000000 $t
     /tmp/cclbn1LB.s:163    .text.FATFS_UnLinkDriverEx:0000000000000000 FATFS_UnLinkDriverEx
     /tmp/cclbn1LB.s:241    .text.FATFS_UnLinkDriverEx:0000000000000038 $d
     /tmp/cclbn1LB.s:246    .text.FATFS_UnLinkDriver:0000000000000000 $t
     /tmp/cclbn1LB.s:253    .text.FATFS_UnLinkDriver:0000000000000000 FATFS_UnLinkDriver
     /tmp/cclbn1LB.s:278    .text.FATFS_GetAttachedDriversNbr:0000000000000000 $t
     /tmp/cclbn1LB.s:285    .text.FATFS_GetAttachedDriversNbr:0000000000000000 FATFS_GetAttachedDriversNbr
     /tmp/cclbn1LB.s:303    .text.FATFS_GetAttachedDriversNbr:0000000000000008 $d
     /tmp/cclbn1LB.s:313    .bss.disk:0000000000000000 disk
     /tmp/cclbn1LB.s:309    .bss.disk:0000000000000000 $d

NO UNDEFINED SYMBOLS
