ARM GAS  /tmp/ccNf1lCW.s 			page 1


   1              		.cpu cortex-m0
   2              		.eabi_attribute 20, 1
   3              		.eabi_attribute 21, 1
   4              		.eabi_attribute 23, 3
   5              		.eabi_attribute 24, 1
   6              		.eabi_attribute 25, 1
   7              		.eabi_attribute 26, 1
   8              		.eabi_attribute 30, 1
   9              		.eabi_attribute 34, 0
  10              		.eabi_attribute 18, 4
  11              		.file	"syscall.c"
  12              		.text
  13              	.Ltext0:
  14              		.cfi_sections	.debug_frame
  15              	.Letext0:
  16              		.file 1 "/home/ehrouda/gcc-arm-none-eabi-9-2019-q4-major/arm-none-eabi/include/machine/_default_ty
  17              		.file 2 "/home/ehrouda/gcc-arm-none-eabi-9-2019-q4-major/arm-none-eabi/include/sys/lock.h"
  18              		.file 3 "/home/ehrouda/gcc-arm-none-eabi-9-2019-q4-major/arm-none-eabi/include/sys/_types.h"
  19              		.file 4 "/home/ehrouda/gcc-arm-none-eabi-9-2019-q4-major/lib/gcc/arm-none-eabi/9.2.1/include/stdde
  20              		.file 5 "/home/ehrouda/gcc-arm-none-eabi-9-2019-q4-major/arm-none-eabi/include/sys/reent.h"
  21              		.file 6 "/home/ehrouda/gcc-arm-none-eabi-9-2019-q4-major/arm-none-eabi/include/stdlib.h"
  22              		.file 7 "/home/ehrouda/gcc-arm-none-eabi-9-2019-q4-major/arm-none-eabi/include/sys/_stdint.h"
  23              		.file 8 "Drivers/CMSIS/Device/ST/STM32F0xx/Include/system_stm32f0xx.h"
  24              		.file 9 "Drivers/STM32F0xx_HAL_Driver/Inc/stm32f0xx_hal.h"
ARM GAS  /tmp/ccNf1lCW.s 			page 2


DEFINED SYMBOLS
                            *ABS*:0000000000000000 syscall.c

NO UNDEFINED SYMBOLS
